апр. 09, 2023 1:41:42 PM HW2.Zadanie1 main
INFO: [0, 10, 7, 3, 13, 15, 9, 12, 11, 9, 0, 6, 6, 3, 4]
апр. 09, 2023 1:41:42 PM HW2.Zadanie1 main
INFO: [0, 10, 7, 3, 13, 15, 9, 12, 11, 9, 0, 6, 6, 3, 4]
апр. 09, 2023 1:41:42 PM HW2.Zadanie1 main
INFO: [0, 10, 7, 3, 13, 15, 9, 12, 11, 9, 0, 6, 6, 3, 4]
апр. 09, 2023 1:41:42 PM HW2.Zadanie1 main
INFO: [0, 10, 7, 3, 13, 15, 9, 12, 11, 9, 0, 6, 6, 3, 4]
апр. 09, 2023 1:41:42 PM HW2.Zadanie1 main
INFO: [0, 10, 7, 3, 13, 15, 9, 12, 11, 9, 0, 6, 6, 3, 4]
апр. 09, 2023 1:41:42 PM HW2.Zadanie1 main
INFO: [0, 10, 7, 3, 13, 15, 9, 12, 11, 9, 0, 6, 6, 3, 4]
апр. 09, 2023 1:41:42 PM HW2.Zadanie1 main
INFO: [0, 10, 7, 3, 13, 15, 9, 12, 11, 9, 0, 6, 6, 3, 4]
апр. 09, 2023 1:41:42 PM HW2.Zadanie1 main
INFO: [0, 10, 7, 3, 13, 15, 9, 12, 11, 9, 0, 6, 6, 3, 4]
апр. 09, 2023 1:41:42 PM HW2.Zadanie1 main
INFO: [0, 10, 7, 3, 13, 15, 9, 12, 11, 9, 0, 6, 6, 3, 4]
апр. 09, 2023 1:41:42 PM HW2.Zadanie1 main
INFO: [0, 10, 7, 3, 13, 15, 9, 12, 11, 9, 0, 6, 6, 3, 4]
апр. 09, 2023 1:41:42 PM HW2.Zadanie1 main
INFO: [0, 10, 7, 3, 13, 15, 9, 12, 11, 9, 0, 6, 6, 3, 4]
апр. 09, 2023 1:41:42 PM HW2.Zadanie1 main
INFO: [0, 10, 7, 3, 13, 15, 9, 12, 11, 9, 0, 6, 6, 3, 4]
апр. 09, 2023 1:41:42 PM HW2.Zadanie1 main
INFO: [0, 10, 7, 3, 13, 15, 9, 12, 11, 9, 0, 6, 6, 3, 4]
апр. 09, 2023 1:41:42 PM HW2.Zadanie1 main
INFO: [0, 10, 7, 3, 13, 15, 9, 12, 11, 9, 0, 6, 6, 3, 4]
апр. 09, 2023 1:41:42 PM HW2.Zadanie1 main
INFO: Присвоили tmp значение для дальнейшей сортировки
апр. 09, 2023 1:41:42 PM HW2.Zadanie1 main
INFO: Поменяли местами значения, меньшее убрали влево, согласно пузырьковой сортировке
апр. 09, 2023 1:41:42 PM HW2.Zadanie1 main
INFO: [0, 7, 10, 3, 13, 15, 9, 12, 11, 9, 0, 6, 6, 3, 4]
апр. 09, 2023 1:41:42 PM HW2.Zadanie1 main
INFO: Присвоили tmp значение для дальнейшей сортировки
апр. 09, 2023 1:41:42 PM HW2.Zadanie1 main
INFO: Поменяли местами значения, меньшее убрали влево, согласно пузырьковой сортировке
апр. 09, 2023 1:41:42 PM HW2.Zadanie1 main
INFO: [0, 3, 10, 7, 13, 15, 9, 12, 11, 9, 0, 6, 6, 3, 4]
апр. 09, 2023 1:41:42 PM HW2.Zadanie1 main
INFO: [0, 3, 10, 7, 13, 15, 9, 12, 11, 9, 0, 6, 6, 3, 4]
апр. 09, 2023 1:41:42 PM HW2.Zadanie1 main
INFO: [0, 3, 10, 7, 13, 15, 9, 12, 11, 9, 0, 6, 6, 3, 4]
апр. 09, 2023 1:41:42 PM HW2.Zadanie1 main
INFO: [0, 3, 10, 7, 13, 15, 9, 12, 11, 9, 0, 6, 6, 3, 4]
апр. 09, 2023 1:41:42 PM HW2.Zadanie1 main
INFO: [0, 3, 10, 7, 13, 15, 9, 12, 11, 9, 0, 6, 6, 3, 4]
апр. 09, 2023 1:41:42 PM HW2.Zadanie1 main
INFO: [0, 3, 10, 7, 13, 15, 9, 12, 11, 9, 0, 6, 6, 3, 4]
апр. 09, 2023 1:41:42 PM HW2.Zadanie1 main
INFO: [0, 3, 10, 7, 13, 15, 9, 12, 11, 9, 0, 6, 6, 3, 4]
апр. 09, 2023 1:41:42 PM HW2.Zadanie1 main
INFO: Присвоили tmp значение для дальнейшей сортировки
апр. 09, 2023 1:41:42 PM HW2.Zadanie1 main
INFO: Поменяли местами значения, меньшее убрали влево, согласно пузырьковой сортировке
апр. 09, 2023 1:41:42 PM HW2.Zadanie1 main
INFO: [0, 0, 10, 7, 13, 15, 9, 12, 11, 9, 3, 6, 6, 3, 4]
апр. 09, 2023 1:41:42 PM HW2.Zadanie1 main
INFO: [0, 0, 10, 7, 13, 15, 9, 12, 11, 9, 3, 6, 6, 3, 4]
апр. 09, 2023 1:41:42 PM HW2.Zadanie1 main
INFO: [0, 0, 10, 7, 13, 15, 9, 12, 11, 9, 3, 6, 6, 3, 4]
апр. 09, 2023 1:41:42 PM HW2.Zadanie1 main
INFO: [0, 0, 10, 7, 13, 15, 9, 12, 11, 9, 3, 6, 6, 3, 4]
апр. 09, 2023 1:41:42 PM HW2.Zadanie1 main
INFO: [0, 0, 10, 7, 13, 15, 9, 12, 11, 9, 3, 6, 6, 3, 4]
апр. 09, 2023 1:41:42 PM HW2.Zadanie1 main
INFO: Присвоили tmp значение для дальнейшей сортировки
апр. 09, 2023 1:41:42 PM HW2.Zadanie1 main
INFO: Поменяли местами значения, меньшее убрали влево, согласно пузырьковой сортировке
апр. 09, 2023 1:41:42 PM HW2.Zadanie1 main
INFO: [0, 0, 7, 10, 13, 15, 9, 12, 11, 9, 3, 6, 6, 3, 4]
апр. 09, 2023 1:41:42 PM HW2.Zadanie1 main
INFO: [0, 0, 7, 10, 13, 15, 9, 12, 11, 9, 3, 6, 6, 3, 4]
апр. 09, 2023 1:41:42 PM HW2.Zadanie1 main
INFO: [0, 0, 7, 10, 13, 15, 9, 12, 11, 9, 3, 6, 6, 3, 4]
апр. 09, 2023 1:41:42 PM HW2.Zadanie1 main
INFO: [0, 0, 7, 10, 13, 15, 9, 12, 11, 9, 3, 6, 6, 3, 4]
апр. 09, 2023 1:41:42 PM HW2.Zadanie1 main
INFO: [0, 0, 7, 10, 13, 15, 9, 12, 11, 9, 3, 6, 6, 3, 4]
апр. 09, 2023 1:41:42 PM HW2.Zadanie1 main
INFO: [0, 0, 7, 10, 13, 15, 9, 12, 11, 9, 3, 6, 6, 3, 4]
апр. 09, 2023 1:41:42 PM HW2.Zadanie1 main
INFO: [0, 0, 7, 10, 13, 15, 9, 12, 11, 9, 3, 6, 6, 3, 4]
апр. 09, 2023 1:41:42 PM HW2.Zadanie1 main
INFO: Присвоили tmp значение для дальнейшей сортировки
апр. 09, 2023 1:41:42 PM HW2.Zadanie1 main
INFO: Поменяли местами значения, меньшее убрали влево, согласно пузырьковой сортировке
апр. 09, 2023 1:41:42 PM HW2.Zadanie1 main
INFO: [0, 0, 3, 10, 13, 15, 9, 12, 11, 9, 7, 6, 6, 3, 4]
апр. 09, 2023 1:41:42 PM HW2.Zadanie1 main
INFO: [0, 0, 3, 10, 13, 15, 9, 12, 11, 9, 7, 6, 6, 3, 4]
апр. 09, 2023 1:41:42 PM HW2.Zadanie1 main
INFO: [0, 0, 3, 10, 13, 15, 9, 12, 11, 9, 7, 6, 6, 3, 4]
апр. 09, 2023 1:41:42 PM HW2.Zadanie1 main
INFO: [0, 0, 3, 10, 13, 15, 9, 12, 11, 9, 7, 6, 6, 3, 4]
апр. 09, 2023 1:41:42 PM HW2.Zadanie1 main
INFO: [0, 0, 3, 10, 13, 15, 9, 12, 11, 9, 7, 6, 6, 3, 4]
апр. 09, 2023 1:41:42 PM HW2.Zadanie1 main
INFO: [0, 0, 3, 10, 13, 15, 9, 12, 11, 9, 7, 6, 6, 3, 4]
апр. 09, 2023 1:41:42 PM HW2.Zadanie1 main
INFO: [0, 0, 3, 10, 13, 15, 9, 12, 11, 9, 7, 6, 6, 3, 4]
апр. 09, 2023 1:41:42 PM HW2.Zadanie1 main
INFO: Присвоили tmp значение для дальнейшей сортировки
апр. 09, 2023 1:41:42 PM HW2.Zadanie1 main
INFO: Поменяли местами значения, меньшее убрали влево, согласно пузырьковой сортировке
апр. 09, 2023 1:41:42 PM HW2.Zadanie1 main
INFO: [0, 0, 3, 9, 13, 15, 10, 12, 11, 9, 7, 6, 6, 3, 4]
апр. 09, 2023 1:41:42 PM HW2.Zadanie1 main
INFO: [0, 0, 3, 9, 13, 15, 10, 12, 11, 9, 7, 6, 6, 3, 4]
апр. 09, 2023 1:41:42 PM HW2.Zadanie1 main
INFO: [0, 0, 3, 9, 13, 15, 10, 12, 11, 9, 7, 6, 6, 3, 4]
апр. 09, 2023 1:41:42 PM HW2.Zadanie1 main
INFO: [0, 0, 3, 9, 13, 15, 10, 12, 11, 9, 7, 6, 6, 3, 4]
апр. 09, 2023 1:41:42 PM HW2.Zadanie1 main
INFO: Присвоили tmp значение для дальнейшей сортировки
апр. 09, 2023 1:41:42 PM HW2.Zadanie1 main
INFO: Поменяли местами значения, меньшее убрали влево, согласно пузырьковой сортировке
апр. 09, 2023 1:41:42 PM HW2.Zadanie1 main
INFO: [0, 0, 3, 7, 13, 15, 10, 12, 11, 9, 9, 6, 6, 3, 4]
апр. 09, 2023 1:41:42 PM HW2.Zadanie1 main
INFO: Присвоили tmp значение для дальнейшей сортировки
апр. 09, 2023 1:41:42 PM HW2.Zadanie1 main
INFO: Поменяли местами значения, меньшее убрали влево, согласно пузырьковой сортировке
апр. 09, 2023 1:41:42 PM HW2.Zadanie1 main
INFO: [0, 0, 3, 6, 13, 15, 10, 12, 11, 9, 9, 7, 6, 3, 4]
апр. 09, 2023 1:41:42 PM HW2.Zadanie1 main
INFO: [0, 0, 3, 6, 13, 15, 10, 12, 11, 9, 9, 7, 6, 3, 4]
апр. 09, 2023 1:41:42 PM HW2.Zadanie1 main
INFO: Присвоили tmp значение для дальнейшей сортировки
апр. 09, 2023 1:41:42 PM HW2.Zadanie1 main
INFO: Поменяли местами значения, меньшее убрали влево, согласно пузырьковой сортировке
апр. 09, 2023 1:41:42 PM HW2.Zadanie1 main
INFO: [0, 0, 3, 3, 13, 15, 10, 12, 11, 9, 9, 7, 6, 6, 4]
апр. 09, 2023 1:41:42 PM HW2.Zadanie1 main
INFO: [0, 0, 3, 3, 13, 15, 10, 12, 11, 9, 9, 7, 6, 6, 4]
апр. 09, 2023 1:41:42 PM HW2.Zadanie1 main
INFO: [0, 0, 3, 3, 13, 15, 10, 12, 11, 9, 9, 7, 6, 6, 4]
апр. 09, 2023 1:41:42 PM HW2.Zadanie1 main
INFO: Присвоили tmp значение для дальнейшей сортировки
апр. 09, 2023 1:41:42 PM HW2.Zadanie1 main
INFO: Поменяли местами значения, меньшее убрали влево, согласно пузырьковой сортировке
апр. 09, 2023 1:41:42 PM HW2.Zadanie1 main
INFO: [0, 0, 3, 3, 10, 15, 13, 12, 11, 9, 9, 7, 6, 6, 4]
апр. 09, 2023 1:41:42 PM HW2.Zadanie1 main
INFO: [0, 0, 3, 3, 10, 15, 13, 12, 11, 9, 9, 7, 6, 6, 4]
апр. 09, 2023 1:41:42 PM HW2.Zadanie1 main
INFO: [0, 0, 3, 3, 10, 15, 13, 12, 11, 9, 9, 7, 6, 6, 4]
апр. 09, 2023 1:41:42 PM HW2.Zadanie1 main
INFO: Присвоили tmp значение для дальнейшей сортировки
апр. 09, 2023 1:41:42 PM HW2.Zadanie1 main
INFO: Поменяли местами значения, меньшее убрали влево, согласно пузырьковой сортировке
апр. 09, 2023 1:41:42 PM HW2.Zadanie1 main
INFO: [0, 0, 3, 3, 9, 15, 13, 12, 11, 10, 9, 7, 6, 6, 4]
апр. 09, 2023 1:41:42 PM HW2.Zadanie1 main
INFO: [0, 0, 3, 3, 9, 15, 13, 12, 11, 10, 9, 7, 6, 6, 4]
апр. 09, 2023 1:41:42 PM HW2.Zadanie1 main
INFO: Присвоили tmp значение для дальнейшей сортировки
апр. 09, 2023 1:41:42 PM HW2.Zadanie1 main
INFO: Поменяли местами значения, меньшее убрали влево, согласно пузырьковой сортировке
апр. 09, 2023 1:41:42 PM HW2.Zadanie1 main
INFO: [0, 0, 3, 3, 7, 15, 13, 12, 11, 10, 9, 9, 6, 6, 4]
апр. 09, 2023 1:41:42 PM HW2.Zadanie1 main
INFO: Присвоили tmp значение для дальнейшей сортировки
апр. 09, 2023 1:41:42 PM HW2.Zadanie1 main
INFO: Поменяли местами значения, меньшее убрали влево, согласно пузырьковой сортировке
апр. 09, 2023 1:41:42 PM HW2.Zadanie1 main
INFO: [0, 0, 3, 3, 6, 15, 13, 12, 11, 10, 9, 9, 7, 6, 4]
апр. 09, 2023 1:41:42 PM HW2.Zadanie1 main
INFO: [0, 0, 3, 3, 6, 15, 13, 12, 11, 10, 9, 9, 7, 6, 4]
апр. 09, 2023 1:41:42 PM HW2.Zadanie1 main
INFO: Присвоили tmp значение для дальнейшей сортировки
апр. 09, 2023 1:41:42 PM HW2.Zadanie1 main
INFO: Поменяли местами значения, меньшее убрали влево, согласно пузырьковой сортировке
апр. 09, 2023 1:41:42 PM HW2.Zadanie1 main
INFO: [0, 0, 3, 3, 4, 15, 13, 12, 11, 10, 9, 9, 7, 6, 6]
апр. 09, 2023 1:41:42 PM HW2.Zadanie1 main
INFO: Присвоили tmp значение для дальнейшей сортировки
апр. 09, 2023 1:41:42 PM HW2.Zadanie1 main
INFO: Поменяли местами значения, меньшее убрали влево, согласно пузырьковой сортировке
апр. 09, 2023 1:41:42 PM HW2.Zadanie1 main
INFO: [0, 0, 3, 3, 4, 13, 15, 12, 11, 10, 9, 9, 7, 6, 6]
апр. 09, 2023 1:41:42 PM HW2.Zadanie1 main
INFO: Присвоили tmp значение для дальнейшей сортировки
апр. 09, 2023 1:41:42 PM HW2.Zadanie1 main
INFO: Поменяли местами значения, меньшее убрали влево, согласно пузырьковой сортировке
апр. 09, 2023 1:41:42 PM HW2.Zadanie1 main
INFO: [0, 0, 3, 3, 4, 12, 15, 13, 11, 10, 9, 9, 7, 6, 6]
апр. 09, 2023 1:41:42 PM HW2.Zadanie1 main
INFO: Присвоили tmp значение для дальнейшей сортировки
апр. 09, 2023 1:41:42 PM HW2.Zadanie1 main
INFO: Поменяли местами значения, меньшее убрали влево, согласно пузырьковой сортировке
апр. 09, 2023 1:41:42 PM HW2.Zadanie1 main
INFO: [0, 0, 3, 3, 4, 11, 15, 13, 12, 10, 9, 9, 7, 6, 6]
апр. 09, 2023 1:41:42 PM HW2.Zadanie1 main
INFO: Присвоили tmp значение для дальнейшей сортировки
апр. 09, 2023 1:41:42 PM HW2.Zadanie1 main
INFO: Поменяли местами значения, меньшее убрали влево, согласно пузырьковой сортировке
апр. 09, 2023 1:41:42 PM HW2.Zadanie1 main
INFO: [0, 0, 3, 3, 4, 10, 15, 13, 12, 11, 9, 9, 7, 6, 6]
апр. 09, 2023 1:41:42 PM HW2.Zadanie1 main
INFO: Присвоили tmp значение для дальнейшей сортировки
апр. 09, 2023 1:41:42 PM HW2.Zadanie1 main
INFO: Поменяли местами значения, меньшее убрали влево, согласно пузырьковой сортировке
апр. 09, 2023 1:41:42 PM HW2.Zadanie1 main
INFO: [0, 0, 3, 3, 4, 9, 15, 13, 12, 11, 10, 9, 7, 6, 6]
апр. 09, 2023 1:41:42 PM HW2.Zadanie1 main
INFO: [0, 0, 3, 3, 4, 9, 15, 13, 12, 11, 10, 9, 7, 6, 6]
апр. 09, 2023 1:41:42 PM HW2.Zadanie1 main
INFO: Присвоили tmp значение для дальнейшей сортировки
апр. 09, 2023 1:41:42 PM HW2.Zadanie1 main
INFO: Поменяли местами значения, меньшее убрали влево, согласно пузырьковой сортировке
апр. 09, 2023 1:41:42 PM HW2.Zadanie1 main
INFO: [0, 0, 3, 3, 4, 7, 15, 13, 12, 11, 10, 9, 9, 6, 6]
апр. 09, 2023 1:41:42 PM HW2.Zadanie1 main
INFO: Присвоили tmp значение для дальнейшей сортировки
апр. 09, 2023 1:41:42 PM HW2.Zadanie1 main
INFO: Поменяли местами значения, меньшее убрали влево, согласно пузырьковой сортировке
апр. 09, 2023 1:41:42 PM HW2.Zadanie1 main
INFO: [0, 0, 3, 3, 4, 6, 15, 13, 12, 11, 10, 9, 9, 7, 6]
апр. 09, 2023 1:41:42 PM HW2.Zadanie1 main
INFO: [0, 0, 3, 3, 4, 6, 15, 13, 12, 11, 10, 9, 9, 7, 6]
апр. 09, 2023 1:41:42 PM HW2.Zadanie1 main
INFO: Присвоили tmp значение для дальнейшей сортировки
апр. 09, 2023 1:41:42 PM HW2.Zadanie1 main
INFO: Поменяли местами значения, меньшее убрали влево, согласно пузырьковой сортировке
апр. 09, 2023 1:41:42 PM HW2.Zadanie1 main
INFO: [0, 0, 3, 3, 4, 6, 13, 15, 12, 11, 10, 9, 9, 7, 6]
апр. 09, 2023 1:41:42 PM HW2.Zadanie1 main
INFO: Присвоили tmp значение для дальнейшей сортировки
апр. 09, 2023 1:41:42 PM HW2.Zadanie1 main
INFO: Поменяли местами значения, меньшее убрали влево, согласно пузырьковой сортировке
апр. 09, 2023 1:41:42 PM HW2.Zadanie1 main
INFO: [0, 0, 3, 3, 4, 6, 12, 15, 13, 11, 10, 9, 9, 7, 6]
апр. 09, 2023 1:41:42 PM HW2.Zadanie1 main
INFO: Присвоили tmp значение для дальнейшей сортировки
апр. 09, 2023 1:41:42 PM HW2.Zadanie1 main
INFO: Поменяли местами значения, меньшее убрали влево, согласно пузырьковой сортировке
апр. 09, 2023 1:41:42 PM HW2.Zadanie1 main
INFO: [0, 0, 3, 3, 4, 6, 11, 15, 13, 12, 10, 9, 9, 7, 6]
апр. 09, 2023 1:41:42 PM HW2.Zadanie1 main
INFO: Присвоили tmp значение для дальнейшей сортировки
апр. 09, 2023 1:41:42 PM HW2.Zadanie1 main
INFO: Поменяли местами значения, меньшее убрали влево, согласно пузырьковой сортировке
апр. 09, 2023 1:41:42 PM HW2.Zadanie1 main
INFO: [0, 0, 3, 3, 4, 6, 10, 15, 13, 12, 11, 9, 9, 7, 6]
апр. 09, 2023 1:41:42 PM HW2.Zadanie1 main
INFO: Присвоили tmp значение для дальнейшей сортировки
апр. 09, 2023 1:41:42 PM HW2.Zadanie1 main
INFO: Поменяли местами значения, меньшее убрали влево, согласно пузырьковой сортировке
апр. 09, 2023 1:41:42 PM HW2.Zadanie1 main
INFO: [0, 0, 3, 3, 4, 6, 9, 15, 13, 12, 11, 10, 9, 7, 6]
апр. 09, 2023 1:41:42 PM HW2.Zadanie1 main
INFO: [0, 0, 3, 3, 4, 6, 9, 15, 13, 12, 11, 10, 9, 7, 6]
апр. 09, 2023 1:41:42 PM HW2.Zadanie1 main
INFO: Присвоили tmp значение для дальнейшей сортировки
апр. 09, 2023 1:41:42 PM HW2.Zadanie1 main
INFO: Поменяли местами значения, меньшее убрали влево, согласно пузырьковой сортировке
апр. 09, 2023 1:41:42 PM HW2.Zadanie1 main
INFO: [0, 0, 3, 3, 4, 6, 7, 15, 13, 12, 11, 10, 9, 9, 6]
апр. 09, 2023 1:41:42 PM HW2.Zadanie1 main
INFO: Присвоили tmp значение для дальнейшей сортировки
апр. 09, 2023 1:41:42 PM HW2.Zadanie1 main
INFO: Поменяли местами значения, меньшее убрали влево, согласно пузырьковой сортировке
апр. 09, 2023 1:41:42 PM HW2.Zadanie1 main
INFO: [0, 0, 3, 3, 4, 6, 6, 15, 13, 12, 11, 10, 9, 9, 7]
апр. 09, 2023 1:41:42 PM HW2.Zadanie1 main
INFO: Присвоили tmp значение для дальнейшей сортировки
апр. 09, 2023 1:41:42 PM HW2.Zadanie1 main
INFO: Поменяли местами значения, меньшее убрали влево, согласно пузырьковой сортировке
апр. 09, 2023 1:41:42 PM HW2.Zadanie1 main
INFO: [0, 0, 3, 3, 4, 6, 6, 13, 15, 12, 11, 10, 9, 9, 7]
апр. 09, 2023 1:41:42 PM HW2.Zadanie1 main
INFO: Присвоили tmp значение для дальнейшей сортировки
апр. 09, 2023 1:41:42 PM HW2.Zadanie1 main
INFO: Поменяли местами значения, меньшее убрали влево, согласно пузырьковой сортировке
апр. 09, 2023 1:41:42 PM HW2.Zadanie1 main
INFO: [0, 0, 3, 3, 4, 6, 6, 12, 15, 13, 11, 10, 9, 9, 7]
апр. 09, 2023 1:41:42 PM HW2.Zadanie1 main
INFO: Присвоили tmp значение для дальнейшей сортировки
апр. 09, 2023 1:41:42 PM HW2.Zadanie1 main
INFO: Поменяли местами значения, меньшее убрали влево, согласно пузырьковой сортировке
апр. 09, 2023 1:41:42 PM HW2.Zadanie1 main
INFO: [0, 0, 3, 3, 4, 6, 6, 11, 15, 13, 12, 10, 9, 9, 7]
апр. 09, 2023 1:41:42 PM HW2.Zadanie1 main
INFO: Присвоили tmp значение для дальнейшей сортировки
апр. 09, 2023 1:41:42 PM HW2.Zadanie1 main
INFO: Поменяли местами значения, меньшее убрали влево, согласно пузырьковой сортировке
апр. 09, 2023 1:41:42 PM HW2.Zadanie1 main
INFO: [0, 0, 3, 3, 4, 6, 6, 10, 15, 13, 12, 11, 9, 9, 7]
апр. 09, 2023 1:41:42 PM HW2.Zadanie1 main
INFO: Присвоили tmp значение для дальнейшей сортировки
апр. 09, 2023 1:41:42 PM HW2.Zadanie1 main
INFO: Поменяли местами значения, меньшее убрали влево, согласно пузырьковой сортировке
апр. 09, 2023 1:41:42 PM HW2.Zadanie1 main
INFO: [0, 0, 3, 3, 4, 6, 6, 9, 15, 13, 12, 11, 10, 9, 7]
апр. 09, 2023 1:41:42 PM HW2.Zadanie1 main
INFO: [0, 0, 3, 3, 4, 6, 6, 9, 15, 13, 12, 11, 10, 9, 7]
апр. 09, 2023 1:41:42 PM HW2.Zadanie1 main
INFO: Присвоили tmp значение для дальнейшей сортировки
апр. 09, 2023 1:41:42 PM HW2.Zadanie1 main
INFO: Поменяли местами значения, меньшее убрали влево, согласно пузырьковой сортировке
апр. 09, 2023 1:41:42 PM HW2.Zadanie1 main
INFO: [0, 0, 3, 3, 4, 6, 6, 7, 15, 13, 12, 11, 10, 9, 9]
апр. 09, 2023 1:41:42 PM HW2.Zadanie1 main
INFO: Присвоили tmp значение для дальнейшей сортировки
апр. 09, 2023 1:41:42 PM HW2.Zadanie1 main
INFO: Поменяли местами значения, меньшее убрали влево, согласно пузырьковой сортировке
апр. 09, 2023 1:41:42 PM HW2.Zadanie1 main
INFO: [0, 0, 3, 3, 4, 6, 6, 7, 13, 15, 12, 11, 10, 9, 9]
апр. 09, 2023 1:41:42 PM HW2.Zadanie1 main
INFO: Присвоили tmp значение для дальнейшей сортировки
апр. 09, 2023 1:41:42 PM HW2.Zadanie1 main
INFO: Поменяли местами значения, меньшее убрали влево, согласно пузырьковой сортировке
апр. 09, 2023 1:41:42 PM HW2.Zadanie1 main
INFO: [0, 0, 3, 3, 4, 6, 6, 7, 12, 15, 13, 11, 10, 9, 9]
апр. 09, 2023 1:41:42 PM HW2.Zadanie1 main
INFO: Присвоили tmp значение для дальнейшей сортировки
апр. 09, 2023 1:41:42 PM HW2.Zadanie1 main
INFO: Поменяли местами значения, меньшее убрали влево, согласно пузырьковой сортировке
апр. 09, 2023 1:41:42 PM HW2.Zadanie1 main
INFO: [0, 0, 3, 3, 4, 6, 6, 7, 11, 15, 13, 12, 10, 9, 9]
апр. 09, 2023 1:41:42 PM HW2.Zadanie1 main
INFO: Присвоили tmp значение для дальнейшей сортировки
апр. 09, 2023 1:41:42 PM HW2.Zadanie1 main
INFO: Поменяли местами значения, меньшее убрали влево, согласно пузырьковой сортировке
апр. 09, 2023 1:41:42 PM HW2.Zadanie1 main
INFO: [0, 0, 3, 3, 4, 6, 6, 7, 10, 15, 13, 12, 11, 9, 9]
апр. 09, 2023 1:41:42 PM HW2.Zadanie1 main
INFO: Присвоили tmp значение для дальнейшей сортировки
апр. 09, 2023 1:41:42 PM HW2.Zadanie1 main
INFO: Поменяли местами значения, меньшее убрали влево, согласно пузырьковой сортировке
апр. 09, 2023 1:41:42 PM HW2.Zadanie1 main
INFO: [0, 0, 3, 3, 4, 6, 6, 7, 9, 15, 13, 12, 11, 10, 9]
апр. 09, 2023 1:41:42 PM HW2.Zadanie1 main
INFO: [0, 0, 3, 3, 4, 6, 6, 7, 9, 15, 13, 12, 11, 10, 9]
апр. 09, 2023 1:41:42 PM HW2.Zadanie1 main
INFO: Присвоили tmp значение для дальнейшей сортировки
апр. 09, 2023 1:41:42 PM HW2.Zadanie1 main
INFO: Поменяли местами значения, меньшее убрали влево, согласно пузырьковой сортировке
апр. 09, 2023 1:41:42 PM HW2.Zadanie1 main
INFO: [0, 0, 3, 3, 4, 6, 6, 7, 9, 13, 15, 12, 11, 10, 9]
апр. 09, 2023 1:41:42 PM HW2.Zadanie1 main
INFO: Присвоили tmp значение для дальнейшей сортировки
апр. 09, 2023 1:41:42 PM HW2.Zadanie1 main
INFO: Поменяли местами значения, меньшее убрали влево, согласно пузырьковой сортировке
апр. 09, 2023 1:41:42 PM HW2.Zadanie1 main
INFO: [0, 0, 3, 3, 4, 6, 6, 7, 9, 12, 15, 13, 11, 10, 9]
апр. 09, 2023 1:41:42 PM HW2.Zadanie1 main
INFO: Присвоили tmp значение для дальнейшей сортировки
апр. 09, 2023 1:41:42 PM HW2.Zadanie1 main
INFO: Поменяли местами значения, меньшее убрали влево, согласно пузырьковой сортировке
апр. 09, 2023 1:41:42 PM HW2.Zadanie1 main
INFO: [0, 0, 3, 3, 4, 6, 6, 7, 9, 11, 15, 13, 12, 10, 9]
апр. 09, 2023 1:41:42 PM HW2.Zadanie1 main
INFO: Присвоили tmp значение для дальнейшей сортировки
апр. 09, 2023 1:41:42 PM HW2.Zadanie1 main
INFO: Поменяли местами значения, меньшее убрали влево, согласно пузырьковой сортировке
апр. 09, 2023 1:41:42 PM HW2.Zadanie1 main
INFO: [0, 0, 3, 3, 4, 6, 6, 7, 9, 10, 15, 13, 12, 11, 9]
апр. 09, 2023 1:41:42 PM HW2.Zadanie1 main
INFO: Присвоили tmp значение для дальнейшей сортировки
апр. 09, 2023 1:41:42 PM HW2.Zadanie1 main
INFO: Поменяли местами значения, меньшее убрали влево, согласно пузырьковой сортировке
апр. 09, 2023 1:41:42 PM HW2.Zadanie1 main
INFO: [0, 0, 3, 3, 4, 6, 6, 7, 9, 9, 15, 13, 12, 11, 10]
апр. 09, 2023 1:41:42 PM HW2.Zadanie1 main
INFO: Присвоили tmp значение для дальнейшей сортировки
апр. 09, 2023 1:41:42 PM HW2.Zadanie1 main
INFO: Поменяли местами значения, меньшее убрали влево, согласно пузырьковой сортировке
апр. 09, 2023 1:41:42 PM HW2.Zadanie1 main
INFO: [0, 0, 3, 3, 4, 6, 6, 7, 9, 9, 13, 15, 12, 11, 10]
апр. 09, 2023 1:41:42 PM HW2.Zadanie1 main
INFO: Присвоили tmp значение для дальнейшей сортировки
апр. 09, 2023 1:41:42 PM HW2.Zadanie1 main
INFO: Поменяли местами значения, меньшее убрали влево, согласно пузырьковой сортировке
апр. 09, 2023 1:41:42 PM HW2.Zadanie1 main
INFO: [0, 0, 3, 3, 4, 6, 6, 7, 9, 9, 12, 15, 13, 11, 10]
апр. 09, 2023 1:41:42 PM HW2.Zadanie1 main
INFO: Присвоили tmp значение для дальнейшей сортировки
апр. 09, 2023 1:41:42 PM HW2.Zadanie1 main
INFO: Поменяли местами значения, меньшее убрали влево, согласно пузырьковой сортировке
апр. 09, 2023 1:41:42 PM HW2.Zadanie1 main
INFO: [0, 0, 3, 3, 4, 6, 6, 7, 9, 9, 11, 15, 13, 12, 10]
апр. 09, 2023 1:41:42 PM HW2.Zadanie1 main
INFO: Присвоили tmp значение для дальнейшей сортировки
апр. 09, 2023 1:41:42 PM HW2.Zadanie1 main
INFO: Поменяли местами значения, меньшее убрали влево, согласно пузырьковой сортировке
апр. 09, 2023 1:41:42 PM HW2.Zadanie1 main
INFO: [0, 0, 3, 3, 4, 6, 6, 7, 9, 9, 10, 15, 13, 12, 11]
апр. 09, 2023 1:41:42 PM HW2.Zadanie1 main
INFO: Присвоили tmp значение для дальнейшей сортировки
апр. 09, 2023 1:41:42 PM HW2.Zadanie1 main
INFO: Поменяли местами значения, меньшее убрали влево, согласно пузырьковой сортировке
апр. 09, 2023 1:41:42 PM HW2.Zadanie1 main
INFO: [0, 0, 3, 3, 4, 6, 6, 7, 9, 9, 10, 13, 15, 12, 11]
апр. 09, 2023 1:41:42 PM HW2.Zadanie1 main
INFO: Присвоили tmp значение для дальнейшей сортировки
апр. 09, 2023 1:41:42 PM HW2.Zadanie1 main
INFO: Поменяли местами значения, меньшее убрали влево, согласно пузырьковой сортировке
апр. 09, 2023 1:41:42 PM HW2.Zadanie1 main
INFO: [0, 0, 3, 3, 4, 6, 6, 7, 9, 9, 10, 12, 15, 13, 11]
апр. 09, 2023 1:41:42 PM HW2.Zadanie1 main
INFO: Присвоили tmp значение для дальнейшей сортировки
апр. 09, 2023 1:41:42 PM HW2.Zadanie1 main
INFO: Поменяли местами значения, меньшее убрали влево, согласно пузырьковой сортировке
апр. 09, 2023 1:41:42 PM HW2.Zadanie1 main
INFO: [0, 0, 3, 3, 4, 6, 6, 7, 9, 9, 10, 11, 15, 13, 12]
апр. 09, 2023 1:41:42 PM HW2.Zadanie1 main
INFO: Присвоили tmp значение для дальнейшей сортировки
апр. 09, 2023 1:41:42 PM HW2.Zadanie1 main
INFO: Поменяли местами значения, меньшее убрали влево, согласно пузырьковой сортировке
апр. 09, 2023 1:41:42 PM HW2.Zadanie1 main
INFO: [0, 0, 3, 3, 4, 6, 6, 7, 9, 9, 10, 11, 13, 15, 12]
апр. 09, 2023 1:41:42 PM HW2.Zadanie1 main
INFO: Присвоили tmp значение для дальнейшей сортировки
апр. 09, 2023 1:41:42 PM HW2.Zadanie1 main
INFO: Поменяли местами значения, меньшее убрали влево, согласно пузырьковой сортировке
апр. 09, 2023 1:41:42 PM HW2.Zadanie1 main
INFO: [0, 0, 3, 3, 4, 6, 6, 7, 9, 9, 10, 11, 12, 15, 13]
апр. 09, 2023 1:41:42 PM HW2.Zadanie1 main
INFO: Присвоили tmp значение для дальнейшей сортировки
апр. 09, 2023 1:41:42 PM HW2.Zadanie1 main
INFO: Поменяли местами значения, меньшее убрали влево, согласно пузырьковой сортировке
апр. 09, 2023 1:41:42 PM HW2.Zadanie1 main
INFO: [0, 0, 3, 3, 4, 6, 6, 7, 9, 9, 10, 11, 12, 13, 15]
апр. 09, 2023 1:41:42 PM HW2.Zadanie1 main
INFO: Сортировка окончена, результат достигнут
апр. 09, 2023 1:41:42 PM HW2.Zadanie1 main
INFO: [0, 0, 3, 3, 4, 6, 6, 7, 9, 9, 10, 11, 12, 13, 15]
