апр. 16, 2023 12:16:22 PM HW2.Zadanie1 main
INFO: [5, 6, 11, 7, 5, 13, 10, 12, 0, 5, 0, 2, 6, 3, 0]
апр. 16, 2023 12:16:22 PM HW2.Zadanie1 main
INFO: [5, 6, 11, 7, 5, 13, 10, 12, 0, 5, 0, 2, 6, 3, 0]
апр. 16, 2023 12:16:22 PM HW2.Zadanie1 main
INFO: [5, 6, 11, 7, 5, 13, 10, 12, 0, 5, 0, 2, 6, 3, 0]
апр. 16, 2023 12:16:22 PM HW2.Zadanie1 main
INFO: [5, 6, 11, 7, 5, 13, 10, 12, 0, 5, 0, 2, 6, 3, 0]
апр. 16, 2023 12:16:22 PM HW2.Zadanie1 main
INFO: [5, 6, 11, 7, 5, 13, 10, 12, 0, 5, 0, 2, 6, 3, 0]
апр. 16, 2023 12:16:22 PM HW2.Zadanie1 main
INFO: [5, 6, 11, 7, 5, 13, 10, 12, 0, 5, 0, 2, 6, 3, 0]
апр. 16, 2023 12:16:22 PM HW2.Zadanie1 main
INFO: [5, 6, 11, 7, 5, 13, 10, 12, 0, 5, 0, 2, 6, 3, 0]
апр. 16, 2023 12:16:22 PM HW2.Zadanie1 main
INFO: Присвоили tmp значение для дальнейшей сортировки
апр. 16, 2023 12:16:22 PM HW2.Zadanie1 main
INFO: Поменяли местами значения, меньшее убрали влево, согласно пузырьковой сортировке
апр. 16, 2023 12:16:22 PM HW2.Zadanie1 main
INFO: [0, 6, 11, 7, 5, 13, 10, 12, 5, 5, 0, 2, 6, 3, 0]
апр. 16, 2023 12:16:22 PM HW2.Zadanie1 main
INFO: [0, 6, 11, 7, 5, 13, 10, 12, 5, 5, 0, 2, 6, 3, 0]
апр. 16, 2023 12:16:22 PM HW2.Zadanie1 main
INFO: [0, 6, 11, 7, 5, 13, 10, 12, 5, 5, 0, 2, 6, 3, 0]
апр. 16, 2023 12:16:22 PM HW2.Zadanie1 main
INFO: [0, 6, 11, 7, 5, 13, 10, 12, 5, 5, 0, 2, 6, 3, 0]
апр. 16, 2023 12:16:22 PM HW2.Zadanie1 main
INFO: [0, 6, 11, 7, 5, 13, 10, 12, 5, 5, 0, 2, 6, 3, 0]
апр. 16, 2023 12:16:22 PM HW2.Zadanie1 main
INFO: [0, 6, 11, 7, 5, 13, 10, 12, 5, 5, 0, 2, 6, 3, 0]
апр. 16, 2023 12:16:22 PM HW2.Zadanie1 main
INFO: [0, 6, 11, 7, 5, 13, 10, 12, 5, 5, 0, 2, 6, 3, 0]
апр. 16, 2023 12:16:22 PM HW2.Zadanie1 main
INFO: [0, 6, 11, 7, 5, 13, 10, 12, 5, 5, 0, 2, 6, 3, 0]
апр. 16, 2023 12:16:22 PM HW2.Zadanie1 main
INFO: [0, 6, 11, 7, 5, 13, 10, 12, 5, 5, 0, 2, 6, 3, 0]
апр. 16, 2023 12:16:22 PM HW2.Zadanie1 main
INFO: Присвоили tmp значение для дальнейшей сортировки
апр. 16, 2023 12:16:22 PM HW2.Zadanie1 main
INFO: Поменяли местами значения, меньшее убрали влево, согласно пузырьковой сортировке
апр. 16, 2023 12:16:22 PM HW2.Zadanie1 main
INFO: [0, 5, 11, 7, 6, 13, 10, 12, 5, 5, 0, 2, 6, 3, 0]
апр. 16, 2023 12:16:22 PM HW2.Zadanie1 main
INFO: [0, 5, 11, 7, 6, 13, 10, 12, 5, 5, 0, 2, 6, 3, 0]
апр. 16, 2023 12:16:22 PM HW2.Zadanie1 main
INFO: [0, 5, 11, 7, 6, 13, 10, 12, 5, 5, 0, 2, 6, 3, 0]
апр. 16, 2023 12:16:22 PM HW2.Zadanie1 main
INFO: [0, 5, 11, 7, 6, 13, 10, 12, 5, 5, 0, 2, 6, 3, 0]
апр. 16, 2023 12:16:22 PM HW2.Zadanie1 main
INFO: [0, 5, 11, 7, 6, 13, 10, 12, 5, 5, 0, 2, 6, 3, 0]
апр. 16, 2023 12:16:22 PM HW2.Zadanie1 main
INFO: [0, 5, 11, 7, 6, 13, 10, 12, 5, 5, 0, 2, 6, 3, 0]
апр. 16, 2023 12:16:22 PM HW2.Zadanie1 main
INFO: Присвоили tmp значение для дальнейшей сортировки
апр. 16, 2023 12:16:22 PM HW2.Zadanie1 main
INFO: Поменяли местами значения, меньшее убрали влево, согласно пузырьковой сортировке
апр. 16, 2023 12:16:22 PM HW2.Zadanie1 main
INFO: [0, 0, 11, 7, 6, 13, 10, 12, 5, 5, 5, 2, 6, 3, 0]
апр. 16, 2023 12:16:22 PM HW2.Zadanie1 main
INFO: [0, 0, 11, 7, 6, 13, 10, 12, 5, 5, 5, 2, 6, 3, 0]
апр. 16, 2023 12:16:22 PM HW2.Zadanie1 main
INFO: [0, 0, 11, 7, 6, 13, 10, 12, 5, 5, 5, 2, 6, 3, 0]
апр. 16, 2023 12:16:22 PM HW2.Zadanie1 main
INFO: [0, 0, 11, 7, 6, 13, 10, 12, 5, 5, 5, 2, 6, 3, 0]
апр. 16, 2023 12:16:22 PM HW2.Zadanie1 main
INFO: [0, 0, 11, 7, 6, 13, 10, 12, 5, 5, 5, 2, 6, 3, 0]
апр. 16, 2023 12:16:22 PM HW2.Zadanie1 main
INFO: Присвоили tmp значение для дальнейшей сортировки
апр. 16, 2023 12:16:22 PM HW2.Zadanie1 main
INFO: Поменяли местами значения, меньшее убрали влево, согласно пузырьковой сортировке
апр. 16, 2023 12:16:22 PM HW2.Zadanie1 main
INFO: [0, 0, 7, 11, 6, 13, 10, 12, 5, 5, 5, 2, 6, 3, 0]
апр. 16, 2023 12:16:22 PM HW2.Zadanie1 main
INFO: Присвоили tmp значение для дальнейшей сортировки
апр. 16, 2023 12:16:22 PM HW2.Zadanie1 main
INFO: Поменяли местами значения, меньшее убрали влево, согласно пузырьковой сортировке
апр. 16, 2023 12:16:22 PM HW2.Zadanie1 main
INFO: [0, 0, 6, 11, 7, 13, 10, 12, 5, 5, 5, 2, 6, 3, 0]
апр. 16, 2023 12:16:22 PM HW2.Zadanie1 main
INFO: [0, 0, 6, 11, 7, 13, 10, 12, 5, 5, 5, 2, 6, 3, 0]
апр. 16, 2023 12:16:22 PM HW2.Zadanie1 main
INFO: [0, 0, 6, 11, 7, 13, 10, 12, 5, 5, 5, 2, 6, 3, 0]
апр. 16, 2023 12:16:22 PM HW2.Zadanie1 main
INFO: [0, 0, 6, 11, 7, 13, 10, 12, 5, 5, 5, 2, 6, 3, 0]
апр. 16, 2023 12:16:22 PM HW2.Zadanie1 main
INFO: Присвоили tmp значение для дальнейшей сортировки
апр. 16, 2023 12:16:22 PM HW2.Zadanie1 main
INFO: Поменяли местами значения, меньшее убрали влево, согласно пузырьковой сортировке
апр. 16, 2023 12:16:22 PM HW2.Zadanie1 main
INFO: [0, 0, 5, 11, 7, 13, 10, 12, 6, 5, 5, 2, 6, 3, 0]
апр. 16, 2023 12:16:22 PM HW2.Zadanie1 main
INFO: [0, 0, 5, 11, 7, 13, 10, 12, 6, 5, 5, 2, 6, 3, 0]
апр. 16, 2023 12:16:22 PM HW2.Zadanie1 main
INFO: [0, 0, 5, 11, 7, 13, 10, 12, 6, 5, 5, 2, 6, 3, 0]
апр. 16, 2023 12:16:22 PM HW2.Zadanie1 main
INFO: Присвоили tmp значение для дальнейшей сортировки
апр. 16, 2023 12:16:22 PM HW2.Zadanie1 main
INFO: Поменяли местами значения, меньшее убрали влево, согласно пузырьковой сортировке
апр. 16, 2023 12:16:22 PM HW2.Zadanie1 main
INFO: [0, 0, 2, 11, 7, 13, 10, 12, 6, 5, 5, 5, 6, 3, 0]
апр. 16, 2023 12:16:22 PM HW2.Zadanie1 main
INFO: [0, 0, 2, 11, 7, 13, 10, 12, 6, 5, 5, 5, 6, 3, 0]
апр. 16, 2023 12:16:22 PM HW2.Zadanie1 main
INFO: [0, 0, 2, 11, 7, 13, 10, 12, 6, 5, 5, 5, 6, 3, 0]
апр. 16, 2023 12:16:22 PM HW2.Zadanie1 main
INFO: Присвоили tmp значение для дальнейшей сортировки
апр. 16, 2023 12:16:22 PM HW2.Zadanie1 main
INFO: Поменяли местами значения, меньшее убрали влево, согласно пузырьковой сортировке
апр. 16, 2023 12:16:22 PM HW2.Zadanie1 main
INFO: [0, 0, 0, 11, 7, 13, 10, 12, 6, 5, 5, 5, 6, 3, 2]
апр. 16, 2023 12:16:22 PM HW2.Zadanie1 main
INFO: Присвоили tmp значение для дальнейшей сортировки
апр. 16, 2023 12:16:22 PM HW2.Zadanie1 main
INFO: Поменяли местами значения, меньшее убрали влево, согласно пузырьковой сортировке
апр. 16, 2023 12:16:22 PM HW2.Zadanie1 main
INFO: [0, 0, 0, 7, 11, 13, 10, 12, 6, 5, 5, 5, 6, 3, 2]
апр. 16, 2023 12:16:22 PM HW2.Zadanie1 main
INFO: [0, 0, 0, 7, 11, 13, 10, 12, 6, 5, 5, 5, 6, 3, 2]
апр. 16, 2023 12:16:22 PM HW2.Zadanie1 main
INFO: [0, 0, 0, 7, 11, 13, 10, 12, 6, 5, 5, 5, 6, 3, 2]
апр. 16, 2023 12:16:22 PM HW2.Zadanie1 main
INFO: [0, 0, 0, 7, 11, 13, 10, 12, 6, 5, 5, 5, 6, 3, 2]
апр. 16, 2023 12:16:22 PM HW2.Zadanie1 main
INFO: Присвоили tmp значение для дальнейшей сортировки
апр. 16, 2023 12:16:22 PM HW2.Zadanie1 main
INFO: Поменяли местами значения, меньшее убрали влево, согласно пузырьковой сортировке
апр. 16, 2023 12:16:23 PM HW2.Zadanie1 main
INFO: [0, 0, 0, 6, 11, 13, 10, 12, 7, 5, 5, 5, 6, 3, 2]
апр. 16, 2023 12:16:23 PM HW2.Zadanie1 main
INFO: Присвоили tmp значение для дальнейшей сортировки
апр. 16, 2023 12:16:23 PM HW2.Zadanie1 main
INFO: Поменяли местами значения, меньшее убрали влево, согласно пузырьковой сортировке
апр. 16, 2023 12:16:23 PM HW2.Zadanie1 main
INFO: [0, 0, 0, 5, 11, 13, 10, 12, 7, 6, 5, 5, 6, 3, 2]
апр. 16, 2023 12:16:23 PM HW2.Zadanie1 main
INFO: [0, 0, 0, 5, 11, 13, 10, 12, 7, 6, 5, 5, 6, 3, 2]
апр. 16, 2023 12:16:23 PM HW2.Zadanie1 main
INFO: [0, 0, 0, 5, 11, 13, 10, 12, 7, 6, 5, 5, 6, 3, 2]
апр. 16, 2023 12:16:23 PM HW2.Zadanie1 main
INFO: [0, 0, 0, 5, 11, 13, 10, 12, 7, 6, 5, 5, 6, 3, 2]
апр. 16, 2023 12:16:23 PM HW2.Zadanie1 main
INFO: Присвоили tmp значение для дальнейшей сортировки
апр. 16, 2023 12:16:23 PM HW2.Zadanie1 main
INFO: Поменяли местами значения, меньшее убрали влево, согласно пузырьковой сортировке
апр. 16, 2023 12:16:23 PM HW2.Zadanie1 main
INFO: [0, 0, 0, 3, 11, 13, 10, 12, 7, 6, 5, 5, 6, 5, 2]
апр. 16, 2023 12:16:23 PM HW2.Zadanie1 main
INFO: Присвоили tmp значение для дальнейшей сортировки
апр. 16, 2023 12:16:23 PM HW2.Zadanie1 main
INFO: Поменяли местами значения, меньшее убрали влево, согласно пузырьковой сортировке
апр. 16, 2023 12:16:23 PM HW2.Zadanie1 main
INFO: [0, 0, 0, 2, 11, 13, 10, 12, 7, 6, 5, 5, 6, 5, 3]
апр. 16, 2023 12:16:23 PM HW2.Zadanie1 main
INFO: [0, 0, 0, 2, 11, 13, 10, 12, 7, 6, 5, 5, 6, 5, 3]
апр. 16, 2023 12:16:23 PM HW2.Zadanie1 main
INFO: Присвоили tmp значение для дальнейшей сортировки
апр. 16, 2023 12:16:23 PM HW2.Zadanie1 main
INFO: Поменяли местами значения, меньшее убрали влево, согласно пузырьковой сортировке
апр. 16, 2023 12:16:23 PM HW2.Zadanie1 main
INFO: [0, 0, 0, 2, 10, 13, 11, 12, 7, 6, 5, 5, 6, 5, 3]
апр. 16, 2023 12:16:23 PM HW2.Zadanie1 main
INFO: [0, 0, 0, 2, 10, 13, 11, 12, 7, 6, 5, 5, 6, 5, 3]
апр. 16, 2023 12:16:23 PM HW2.Zadanie1 main
INFO: Присвоили tmp значение для дальнейшей сортировки
апр. 16, 2023 12:16:23 PM HW2.Zadanie1 main
INFO: Поменяли местами значения, меньшее убрали влево, согласно пузырьковой сортировке
апр. 16, 2023 12:16:23 PM HW2.Zadanie1 main
INFO: [0, 0, 0, 2, 7, 13, 11, 12, 10, 6, 5, 5, 6, 5, 3]
апр. 16, 2023 12:16:23 PM HW2.Zadanie1 main
INFO: Присвоили tmp значение для дальнейшей сортировки
апр. 16, 2023 12:16:23 PM HW2.Zadanie1 main
INFO: Поменяли местами значения, меньшее убрали влево, согласно пузырьковой сортировке
апр. 16, 2023 12:16:23 PM HW2.Zadanie1 main
INFO: [0, 0, 0, 2, 6, 13, 11, 12, 10, 7, 5, 5, 6, 5, 3]
апр. 16, 2023 12:16:23 PM HW2.Zadanie1 main
INFO: Присвоили tmp значение для дальнейшей сортировки
апр. 16, 2023 12:16:23 PM HW2.Zadanie1 main
INFO: Поменяли местами значения, меньшее убрали влево, согласно пузырьковой сортировке
апр. 16, 2023 12:16:23 PM HW2.Zadanie1 main
INFO: [0, 0, 0, 2, 5, 13, 11, 12, 10, 7, 6, 5, 6, 5, 3]
апр. 16, 2023 12:16:23 PM HW2.Zadanie1 main
INFO: [0, 0, 0, 2, 5, 13, 11, 12, 10, 7, 6, 5, 6, 5, 3]
апр. 16, 2023 12:16:23 PM HW2.Zadanie1 main
INFO: [0, 0, 0, 2, 5, 13, 11, 12, 10, 7, 6, 5, 6, 5, 3]
апр. 16, 2023 12:16:23 PM HW2.Zadanie1 main
INFO: [0, 0, 0, 2, 5, 13, 11, 12, 10, 7, 6, 5, 6, 5, 3]
апр. 16, 2023 12:16:23 PM HW2.Zadanie1 main
INFO: Присвоили tmp значение для дальнейшей сортировки
апр. 16, 2023 12:16:23 PM HW2.Zadanie1 main
INFO: Поменяли местами значения, меньшее убрали влево, согласно пузырьковой сортировке
апр. 16, 2023 12:16:23 PM HW2.Zadanie1 main
INFO: [0, 0, 0, 2, 3, 13, 11, 12, 10, 7, 6, 5, 6, 5, 5]
апр. 16, 2023 12:16:23 PM HW2.Zadanie1 main
INFO: Присвоили tmp значение для дальнейшей сортировки
апр. 16, 2023 12:16:23 PM HW2.Zadanie1 main
INFO: Поменяли местами значения, меньшее убрали влево, согласно пузырьковой сортировке
апр. 16, 2023 12:16:23 PM HW2.Zadanie1 main
INFO: [0, 0, 0, 2, 3, 11, 13, 12, 10, 7, 6, 5, 6, 5, 5]
апр. 16, 2023 12:16:23 PM HW2.Zadanie1 main
INFO: [0, 0, 0, 2, 3, 11, 13, 12, 10, 7, 6, 5, 6, 5, 5]
апр. 16, 2023 12:16:23 PM HW2.Zadanie1 main
INFO: Присвоили tmp значение для дальнейшей сортировки
апр. 16, 2023 12:16:23 PM HW2.Zadanie1 main
INFO: Поменяли местами значения, меньшее убрали влево, согласно пузырьковой сортировке
апр. 16, 2023 12:16:23 PM HW2.Zadanie1 main
INFO: [0, 0, 0, 2, 3, 10, 13, 12, 11, 7, 6, 5, 6, 5, 5]
апр. 16, 2023 12:16:23 PM HW2.Zadanie1 main
INFO: Присвоили tmp значение для дальнейшей сортировки
апр. 16, 2023 12:16:23 PM HW2.Zadanie1 main
INFO: Поменяли местами значения, меньшее убрали влево, согласно пузырьковой сортировке
апр. 16, 2023 12:16:23 PM HW2.Zadanie1 main
INFO: [0, 0, 0, 2, 3, 7, 13, 12, 11, 10, 6, 5, 6, 5, 5]
апр. 16, 2023 12:16:23 PM HW2.Zadanie1 main
INFO: Присвоили tmp значение для дальнейшей сортировки
апр. 16, 2023 12:16:23 PM HW2.Zadanie1 main
INFO: Поменяли местами значения, меньшее убрали влево, согласно пузырьковой сортировке
апр. 16, 2023 12:16:23 PM HW2.Zadanie1 main
INFO: [0, 0, 0, 2, 3, 6, 13, 12, 11, 10, 7, 5, 6, 5, 5]
апр. 16, 2023 12:16:23 PM HW2.Zadanie1 main
INFO: Присвоили tmp значение для дальнейшей сортировки
апр. 16, 2023 12:16:23 PM HW2.Zadanie1 main
INFO: Поменяли местами значения, меньшее убрали влево, согласно пузырьковой сортировке
апр. 16, 2023 12:16:23 PM HW2.Zadanie1 main
INFO: [0, 0, 0, 2, 3, 5, 13, 12, 11, 10, 7, 6, 6, 5, 5]
апр. 16, 2023 12:16:23 PM HW2.Zadanie1 main
INFO: [0, 0, 0, 2, 3, 5, 13, 12, 11, 10, 7, 6, 6, 5, 5]
апр. 16, 2023 12:16:23 PM HW2.Zadanie1 main
INFO: [0, 0, 0, 2, 3, 5, 13, 12, 11, 10, 7, 6, 6, 5, 5]
апр. 16, 2023 12:16:23 PM HW2.Zadanie1 main
INFO: [0, 0, 0, 2, 3, 5, 13, 12, 11, 10, 7, 6, 6, 5, 5]
апр. 16, 2023 12:16:23 PM HW2.Zadanie1 main
INFO: Присвоили tmp значение для дальнейшей сортировки
апр. 16, 2023 12:16:23 PM HW2.Zadanie1 main
INFO: Поменяли местами значения, меньшее убрали влево, согласно пузырьковой сортировке
апр. 16, 2023 12:16:23 PM HW2.Zadanie1 main
INFO: [0, 0, 0, 2, 3, 5, 12, 13, 11, 10, 7, 6, 6, 5, 5]
апр. 16, 2023 12:16:23 PM HW2.Zadanie1 main
INFO: Присвоили tmp значение для дальнейшей сортировки
апр. 16, 2023 12:16:23 PM HW2.Zadanie1 main
INFO: Поменяли местами значения, меньшее убрали влево, согласно пузырьковой сортировке
апр. 16, 2023 12:16:23 PM HW2.Zadanie1 main
INFO: [0, 0, 0, 2, 3, 5, 11, 13, 12, 10, 7, 6, 6, 5, 5]
апр. 16, 2023 12:16:23 PM HW2.Zadanie1 main
INFO: Присвоили tmp значение для дальнейшей сортировки
апр. 16, 2023 12:16:23 PM HW2.Zadanie1 main
INFO: Поменяли местами значения, меньшее убрали влево, согласно пузырьковой сортировке
апр. 16, 2023 12:16:23 PM HW2.Zadanie1 main
INFO: [0, 0, 0, 2, 3, 5, 10, 13, 12, 11, 7, 6, 6, 5, 5]
апр. 16, 2023 12:16:23 PM HW2.Zadanie1 main
INFO: Присвоили tmp значение для дальнейшей сортировки
апр. 16, 2023 12:16:23 PM HW2.Zadanie1 main
INFO: Поменяли местами значения, меньшее убрали влево, согласно пузырьковой сортировке
апр. 16, 2023 12:16:23 PM HW2.Zadanie1 main
INFO: [0, 0, 0, 2, 3, 5, 7, 13, 12, 11, 10, 6, 6, 5, 5]
апр. 16, 2023 12:16:23 PM HW2.Zadanie1 main
INFO: Присвоили tmp значение для дальнейшей сортировки
апр. 16, 2023 12:16:23 PM HW2.Zadanie1 main
INFO: Поменяли местами значения, меньшее убрали влево, согласно пузырьковой сортировке
апр. 16, 2023 12:16:23 PM HW2.Zadanie1 main
INFO: [0, 0, 0, 2, 3, 5, 6, 13, 12, 11, 10, 7, 6, 5, 5]
апр. 16, 2023 12:16:23 PM HW2.Zadanie1 main
INFO: [0, 0, 0, 2, 3, 5, 6, 13, 12, 11, 10, 7, 6, 5, 5]
апр. 16, 2023 12:16:23 PM HW2.Zadanie1 main
INFO: Присвоили tmp значение для дальнейшей сортировки
апр. 16, 2023 12:16:23 PM HW2.Zadanie1 main
INFO: Поменяли местами значения, меньшее убрали влево, согласно пузырьковой сортировке
апр. 16, 2023 12:16:23 PM HW2.Zadanie1 main
INFO: [0, 0, 0, 2, 3, 5, 5, 13, 12, 11, 10, 7, 6, 6, 5]
апр. 16, 2023 12:16:23 PM HW2.Zadanie1 main
INFO: [0, 0, 0, 2, 3, 5, 5, 13, 12, 11, 10, 7, 6, 6, 5]
апр. 16, 2023 12:16:23 PM HW2.Zadanie1 main
INFO: Присвоили tmp значение для дальнейшей сортировки
апр. 16, 2023 12:16:23 PM HW2.Zadanie1 main
INFO: Поменяли местами значения, меньшее убрали влево, согласно пузырьковой сортировке
апр. 16, 2023 12:16:23 PM HW2.Zadanie1 main
INFO: [0, 0, 0, 2, 3, 5, 5, 12, 13, 11, 10, 7, 6, 6, 5]
апр. 16, 2023 12:16:23 PM HW2.Zadanie1 main
INFO: Присвоили tmp значение для дальнейшей сортировки
апр. 16, 2023 12:16:23 PM HW2.Zadanie1 main
INFO: Поменяли местами значения, меньшее убрали влево, согласно пузырьковой сортировке
апр. 16, 2023 12:16:23 PM HW2.Zadanie1 main
INFO: [0, 0, 0, 2, 3, 5, 5, 11, 13, 12, 10, 7, 6, 6, 5]
апр. 16, 2023 12:16:23 PM HW2.Zadanie1 main
INFO: Присвоили tmp значение для дальнейшей сортировки
апр. 16, 2023 12:16:23 PM HW2.Zadanie1 main
INFO: Поменяли местами значения, меньшее убрали влево, согласно пузырьковой сортировке
апр. 16, 2023 12:16:23 PM HW2.Zadanie1 main
INFO: [0, 0, 0, 2, 3, 5, 5, 10, 13, 12, 11, 7, 6, 6, 5]
апр. 16, 2023 12:16:23 PM HW2.Zadanie1 main
INFO: Присвоили tmp значение для дальнейшей сортировки
апр. 16, 2023 12:16:23 PM HW2.Zadanie1 main
INFO: Поменяли местами значения, меньшее убрали влево, согласно пузырьковой сортировке
апр. 16, 2023 12:16:23 PM HW2.Zadanie1 main
INFO: [0, 0, 0, 2, 3, 5, 5, 7, 13, 12, 11, 10, 6, 6, 5]
апр. 16, 2023 12:16:23 PM HW2.Zadanie1 main
INFO: Присвоили tmp значение для дальнейшей сортировки
апр. 16, 2023 12:16:23 PM HW2.Zadanie1 main
INFO: Поменяли местами значения, меньшее убрали влево, согласно пузырьковой сортировке
апр. 16, 2023 12:16:23 PM HW2.Zadanie1 main
INFO: [0, 0, 0, 2, 3, 5, 5, 6, 13, 12, 11, 10, 7, 6, 5]
апр. 16, 2023 12:16:23 PM HW2.Zadanie1 main
INFO: [0, 0, 0, 2, 3, 5, 5, 6, 13, 12, 11, 10, 7, 6, 5]
апр. 16, 2023 12:16:23 PM HW2.Zadanie1 main
INFO: Присвоили tmp значение для дальнейшей сортировки
апр. 16, 2023 12:16:23 PM HW2.Zadanie1 main
INFO: Поменяли местами значения, меньшее убрали влево, согласно пузырьковой сортировке
апр. 16, 2023 12:16:23 PM HW2.Zadanie1 main
INFO: [0, 0, 0, 2, 3, 5, 5, 5, 13, 12, 11, 10, 7, 6, 6]
апр. 16, 2023 12:16:23 PM HW2.Zadanie1 main
INFO: Присвоили tmp значение для дальнейшей сортировки
апр. 16, 2023 12:16:23 PM HW2.Zadanie1 main
INFO: Поменяли местами значения, меньшее убрали влево, согласно пузырьковой сортировке
апр. 16, 2023 12:16:23 PM HW2.Zadanie1 main
INFO: [0, 0, 0, 2, 3, 5, 5, 5, 12, 13, 11, 10, 7, 6, 6]
апр. 16, 2023 12:16:23 PM HW2.Zadanie1 main
INFO: Присвоили tmp значение для дальнейшей сортировки
апр. 16, 2023 12:16:23 PM HW2.Zadanie1 main
INFO: Поменяли местами значения, меньшее убрали влево, согласно пузырьковой сортировке
апр. 16, 2023 12:16:23 PM HW2.Zadanie1 main
INFO: [0, 0, 0, 2, 3, 5, 5, 5, 11, 13, 12, 10, 7, 6, 6]
апр. 16, 2023 12:16:23 PM HW2.Zadanie1 main
INFO: Присвоили tmp значение для дальнейшей сортировки
апр. 16, 2023 12:16:23 PM HW2.Zadanie1 main
INFO: Поменяли местами значения, меньшее убрали влево, согласно пузырьковой сортировке
апр. 16, 2023 12:16:23 PM HW2.Zadanie1 main
INFO: [0, 0, 0, 2, 3, 5, 5, 5, 10, 13, 12, 11, 7, 6, 6]
апр. 16, 2023 12:16:23 PM HW2.Zadanie1 main
INFO: Присвоили tmp значение для дальнейшей сортировки
апр. 16, 2023 12:16:23 PM HW2.Zadanie1 main
INFO: Поменяли местами значения, меньшее убрали влево, согласно пузырьковой сортировке
апр. 16, 2023 12:16:23 PM HW2.Zadanie1 main
INFO: [0, 0, 0, 2, 3, 5, 5, 5, 7, 13, 12, 11, 10, 6, 6]
апр. 16, 2023 12:16:23 PM HW2.Zadanie1 main
INFO: Присвоили tmp значение для дальнейшей сортировки
апр. 16, 2023 12:16:23 PM HW2.Zadanie1 main
INFO: Поменяли местами значения, меньшее убрали влево, согласно пузырьковой сортировке
апр. 16, 2023 12:16:23 PM HW2.Zadanie1 main
INFO: [0, 0, 0, 2, 3, 5, 5, 5, 6, 13, 12, 11, 10, 7, 6]
апр. 16, 2023 12:16:23 PM HW2.Zadanie1 main
INFO: [0, 0, 0, 2, 3, 5, 5, 5, 6, 13, 12, 11, 10, 7, 6]
апр. 16, 2023 12:16:23 PM HW2.Zadanie1 main
INFO: Присвоили tmp значение для дальнейшей сортировки
апр. 16, 2023 12:16:23 PM HW2.Zadanie1 main
INFO: Поменяли местами значения, меньшее убрали влево, согласно пузырьковой сортировке
апр. 16, 2023 12:16:23 PM HW2.Zadanie1 main
INFO: [0, 0, 0, 2, 3, 5, 5, 5, 6, 12, 13, 11, 10, 7, 6]
апр. 16, 2023 12:16:23 PM HW2.Zadanie1 main
INFO: Присвоили tmp значение для дальнейшей сортировки
апр. 16, 2023 12:16:23 PM HW2.Zadanie1 main
INFO: Поменяли местами значения, меньшее убрали влево, согласно пузырьковой сортировке
апр. 16, 2023 12:16:23 PM HW2.Zadanie1 main
INFO: [0, 0, 0, 2, 3, 5, 5, 5, 6, 11, 13, 12, 10, 7, 6]
апр. 16, 2023 12:16:23 PM HW2.Zadanie1 main
INFO: Присвоили tmp значение для дальнейшей сортировки
апр. 16, 2023 12:16:23 PM HW2.Zadanie1 main
INFO: Поменяли местами значения, меньшее убрали влево, согласно пузырьковой сортировке
апр. 16, 2023 12:16:23 PM HW2.Zadanie1 main
INFO: [0, 0, 0, 2, 3, 5, 5, 5, 6, 10, 13, 12, 11, 7, 6]
апр. 16, 2023 12:16:23 PM HW2.Zadanie1 main
INFO: Присвоили tmp значение для дальнейшей сортировки
апр. 16, 2023 12:16:23 PM HW2.Zadanie1 main
INFO: Поменяли местами значения, меньшее убрали влево, согласно пузырьковой сортировке
апр. 16, 2023 12:16:23 PM HW2.Zadanie1 main
INFO: [0, 0, 0, 2, 3, 5, 5, 5, 6, 7, 13, 12, 11, 10, 6]
апр. 16, 2023 12:16:23 PM HW2.Zadanie1 main
INFO: Присвоили tmp значение для дальнейшей сортировки
апр. 16, 2023 12:16:23 PM HW2.Zadanie1 main
INFO: Поменяли местами значения, меньшее убрали влево, согласно пузырьковой сортировке
апр. 16, 2023 12:16:23 PM HW2.Zadanie1 main
INFO: [0, 0, 0, 2, 3, 5, 5, 5, 6, 6, 13, 12, 11, 10, 7]
апр. 16, 2023 12:16:23 PM HW2.Zadanie1 main
INFO: Присвоили tmp значение для дальнейшей сортировки
апр. 16, 2023 12:16:23 PM HW2.Zadanie1 main
INFO: Поменяли местами значения, меньшее убрали влево, согласно пузырьковой сортировке
апр. 16, 2023 12:16:23 PM HW2.Zadanie1 main
INFO: [0, 0, 0, 2, 3, 5, 5, 5, 6, 6, 12, 13, 11, 10, 7]
апр. 16, 2023 12:16:23 PM HW2.Zadanie1 main
INFO: Присвоили tmp значение для дальнейшей сортировки
апр. 16, 2023 12:16:23 PM HW2.Zadanie1 main
INFO: Поменяли местами значения, меньшее убрали влево, согласно пузырьковой сортировке
апр. 16, 2023 12:16:23 PM HW2.Zadanie1 main
INFO: [0, 0, 0, 2, 3, 5, 5, 5, 6, 6, 11, 13, 12, 10, 7]
апр. 16, 2023 12:16:23 PM HW2.Zadanie1 main
INFO: Присвоили tmp значение для дальнейшей сортировки
апр. 16, 2023 12:16:23 PM HW2.Zadanie1 main
INFO: Поменяли местами значения, меньшее убрали влево, согласно пузырьковой сортировке
апр. 16, 2023 12:16:23 PM HW2.Zadanie1 main
INFO: [0, 0, 0, 2, 3, 5, 5, 5, 6, 6, 10, 13, 12, 11, 7]
апр. 16, 2023 12:16:23 PM HW2.Zadanie1 main
INFO: Присвоили tmp значение для дальнейшей сортировки
апр. 16, 2023 12:16:23 PM HW2.Zadanie1 main
INFO: Поменяли местами значения, меньшее убрали влево, согласно пузырьковой сортировке
апр. 16, 2023 12:16:23 PM HW2.Zadanie1 main
INFO: [0, 0, 0, 2, 3, 5, 5, 5, 6, 6, 7, 13, 12, 11, 10]
апр. 16, 2023 12:16:23 PM HW2.Zadanie1 main
INFO: Присвоили tmp значение для дальнейшей сортировки
апр. 16, 2023 12:16:23 PM HW2.Zadanie1 main
INFO: Поменяли местами значения, меньшее убрали влево, согласно пузырьковой сортировке
апр. 16, 2023 12:16:23 PM HW2.Zadanie1 main
INFO: [0, 0, 0, 2, 3, 5, 5, 5, 6, 6, 7, 12, 13, 11, 10]
апр. 16, 2023 12:16:23 PM HW2.Zadanie1 main
INFO: Присвоили tmp значение для дальнейшей сортировки
апр. 16, 2023 12:16:23 PM HW2.Zadanie1 main
INFO: Поменяли местами значения, меньшее убрали влево, согласно пузырьковой сортировке
апр. 16, 2023 12:16:23 PM HW2.Zadanie1 main
INFO: [0, 0, 0, 2, 3, 5, 5, 5, 6, 6, 7, 11, 13, 12, 10]
апр. 16, 2023 12:16:23 PM HW2.Zadanie1 main
INFO: Присвоили tmp значение для дальнейшей сортировки
апр. 16, 2023 12:16:23 PM HW2.Zadanie1 main
INFO: Поменяли местами значения, меньшее убрали влево, согласно пузырьковой сортировке
апр. 16, 2023 12:16:23 PM HW2.Zadanie1 main
INFO: [0, 0, 0, 2, 3, 5, 5, 5, 6, 6, 7, 10, 13, 12, 11]
апр. 16, 2023 12:16:23 PM HW2.Zadanie1 main
INFO: Присвоили tmp значение для дальнейшей сортировки
апр. 16, 2023 12:16:23 PM HW2.Zadanie1 main
INFO: Поменяли местами значения, меньшее убрали влево, согласно пузырьковой сортировке
апр. 16, 2023 12:16:23 PM HW2.Zadanie1 main
INFO: [0, 0, 0, 2, 3, 5, 5, 5, 6, 6, 7, 10, 12, 13, 11]
апр. 16, 2023 12:16:23 PM HW2.Zadanie1 main
INFO: Присвоили tmp значение для дальнейшей сортировки
апр. 16, 2023 12:16:23 PM HW2.Zadanie1 main
INFO: Поменяли местами значения, меньшее убрали влево, согласно пузырьковой сортировке
апр. 16, 2023 12:16:23 PM HW2.Zadanie1 main
INFO: [0, 0, 0, 2, 3, 5, 5, 5, 6, 6, 7, 10, 11, 13, 12]
апр. 16, 2023 12:16:23 PM HW2.Zadanie1 main
INFO: Присвоили tmp значение для дальнейшей сортировки
апр. 16, 2023 12:16:23 PM HW2.Zadanie1 main
INFO: Поменяли местами значения, меньшее убрали влево, согласно пузырьковой сортировке
апр. 16, 2023 12:16:23 PM HW2.Zadanie1 main
INFO: [0, 0, 0, 2, 3, 5, 5, 5, 6, 6, 7, 10, 11, 12, 13]
апр. 16, 2023 12:16:23 PM HW2.Zadanie1 main
INFO: Сортировка окончена, результат достигнут
апр. 16, 2023 12:16:23 PM HW2.Zadanie1 main
INFO: [0, 0, 0, 2, 3, 5, 5, 5, 6, 6, 7, 10, 11, 12, 13]
